canu/1.7 has the useGrid option default set to useGrid=false. This can be overriden by another configuration file or a command-line option.
-- Canu 1.7
--
-- CITATIONS
--
-- Koren S, Walenz BP, Berlin K, Miller JR, Phillippy AM.
-- Canu: scalable and accurate long-read assembly via adaptive k-mer weighting and repeat separation.
-- Genome Res. 2017 May;27(5):722-736.
-- http://doi.org/10.1101/gr.215087.116
-- 
-- Read and contig alignments during correction, consensus and GFA building use:
--   Šošic M, Šikic M.
--   Edlib: a C/C ++ library for fast, exact sequence alignment using edit distance.
--   Bioinformatics. 2017 May 1;33(9):1394-1395.
--   http://doi.org/10.1093/bioinformatics/btw753
-- 
-- Overlaps are generated using:
--   Berlin K, et al.
--   Assembling large genomes with single-molecule sequencing and locality-sensitive hashing.
--   Nat Biotechnol. 2015 Jun;33(6):623-30.
--   http://doi.org/10.1038/nbt.3238
-- 
--   Myers EW, et al.
--   A Whole-Genome Assembly of Drosophila.
--   Science. 2000 Mar 24;287(5461):2196-204.
--   http://doi.org/10.1126/science.287.5461.2196
-- 
--   Li H.
--   Minimap and miniasm: fast mapping and de novo assembly for noisy long sequences.
--   Bioinformatics. 2016 Jul 15;32(14):2103-10.
--   http://doi.org/10.1093/bioinformatics/btw152
-- 
-- Corrected read consensus sequences are generated using an algorithm derived from FALCON-sense:
--   Chin CS, et al.
--   Phased diploid genome assembly with single-molecule real-time sequencing.
--   Nat Methods. 2016 Dec;13(12):1050-1054.
--   http://doi.org/10.1038/nmeth.4035
-- 
-- Contig consensus sequences are generated using an algorithm derived from pbdagcon:
--   Chin CS, et al.
--   Nonhybrid, finished microbial genome assemblies from long-read SMRT sequencing data.
--   Nat Methods. 2013 Jun;10(6):563-9
--   http://doi.org/10.1038/nmeth.2474
-- 
-- CONFIGURE CANU
--
-- Detected Java(TM) Runtime Environment '1.8.0_151' (from '/sw/comp/java/x86_64/sun_jdk1.8.0_151/bin/java').
-- Detected gnuplot version '4.6 patchlevel 2' (from 'gnuplot') and image format 'png'.
-- Detected 20 CPUs and 125 gigabytes of memory.
-- Detected Slurm with 'sinfo' binary in /usr/bin/sinfo.
-- Grid engine disabled per useGrid=false option.
--
--                            (tag)Concurrency
--                     (tag)Threads          |
--            (tag)Memory         |          |
--        (tag)         |         |          |     total usage     algorithm
--        -------  ------  --------   --------  -----------------  -----------------------------
-- Local: meryl      8 GB    4 CPUs x   1 job      8 GB    4 CPUs  (k-mer counting)
-- Local: cormhap    6 GB   10 CPUs x   2 jobs    12 GB   20 CPUs  (overlap detection with mhap)
-- Local: obtovl     4 GB    5 CPUs x   4 jobs    16 GB   20 CPUs  (overlap detection)
-- Local: utgovl     4 GB    5 CPUs x   4 jobs    16 GB   20 CPUs  (overlap detection)
-- Local: ovb        4 GB    1 CPU  x  20 jobs    80 GB   20 CPUs  (overlap store bucketizer)
-- Local: ovs        8 GB    1 CPU  x  15 jobs   120 GB   15 CPUs  (overlap store sorting)
-- Local: red        4 GB    4 CPUs x   5 jobs    20 GB   20 CPUs  (read error detection)
-- Local: oea        4 GB    1 CPU  x  20 jobs    80 GB   20 CPUs  (overlap error adjustment)
-- Local: bat       16 GB    4 CPUs x   1 job     16 GB    4 CPUs  (contig construction)
-- Local: gfa        8 GB    4 CPUs x   1 job      8 GB    4 CPUs  (GFA alignment and processing)
--
-- Found PacBio uncorrected reads in the input files.
--
-- Generating assembly 'durian_pacbio' in '/pica/h1/wigu2376/Durian/analyses/assembly/genome_assembly'
--
-- Parameters:
--
--  genomeSize        25000000
--
--  Overlap Generation Limits:
--    corOvlErrorRate 0.2400 ( 24.00%)
--    obtOvlErrorRate 0.0450 (  4.50%)
--    utgOvlErrorRate 0.0450 (  4.50%)
--
--  Overlap Processing Limits:
--    corErrorRate    0.3000 ( 30.00%)
--    obtErrorRate    0.0450 (  4.50%)
--    utgErrorRate    0.0450 (  4.50%)
--    cnsErrorRate    0.0750 (  7.50%)
--
--
-- BEGIN CORRECTION
--
----------------------------------------
-- Starting command on Thu Apr 19 11:05:26 2018 with 1054.716 GB free disk space

    cd .
    /sw/apps/bioinfo/canu/1.7/rackham/Linux-amd64/bin/gatekeeperCreate \
      -minlength 1000 \
      -o ./durian_pacbio.gkpStore.BUILDING \
      ./durian_pacbio.gkpStore.gkp \
    > ./durian_pacbio.gkpStore.BUILDING.err 2>&1

-- Finished on Thu Apr 19 11:06:04 2018 (38 seconds) with 1054.275 GB free disk space
----------------------------------------
--
-- In gatekeeper store './durian_pacbio.gkpStore':
--   Found 233852 reads.
--   Found 1761712202 bases (70.46 times coverage).
--
--   Read length histogram (one '*' equals 295.14 reads):
--        0    999      0 
--     1000   1999  19099 ****************************************************************
--     2000   2999  19945 *******************************************************************
--     3000   3999  20660 **********************************************************************
--     4000   4999  20382 *********************************************************************
--     5000   5999  19599 ******************************************************************
--     6000   6999  18811 ***************************************************************
--     7000   7999  18974 ****************************************************************
--     8000   8999  18381 **************************************************************
--     9000   9999  17115 *********************************************************
--    10000  10999  14350 ************************************************
--    11000  11999  10992 *************************************
--    12000  12999   8600 *****************************
--    13000  13999   6602 **********************
--    14000  14999   4814 ****************
--    15000  15999   3794 ************
--    16000  16999   2998 **********
--    17000  17999   2262 *******
--    18000  18999   1671 *****
--    19000  19999   1252 ****
--    20000  20999    956 ***
--    21000  21999    673 **
--    22000  22999    486 *
--    23000  23999    361 *
--    24000  24999    263 
--    25000  25999    203 
--    26000  26999    157 
--    27000  27999    126 
--    28000  28999     80 
--    29000  29999     73 
--    30000  30999     44 
--    31000  31999     40 
--    32000  32999     27 
--    33000  33999     16 
--    34000  34999     20 
--    35000  35999      5 
--    36000  36999      5 
--    37000  37999      5 
--    38000  38999      2 
--    39000  39999      3 
--    40000  40999      2 
--    41000  41999      0 
--    42000  42999      1 
--    43000  43999      2 
--    44000  44999      0 
--    45000  45999      0 
--    46000  46999      0 
--    47000  47999      1 
--
-- Running jobs.  First attempt out of 2.
----------------------------------------
-- Starting 'meryl' concurrent execution on Thu Apr 19 11:06:06 2018 with 1054.274 GB free disk space (1 processes; 1 concurrently)

    cd correction/0-mercounts
    ./meryl.sh 1 > ./meryl.000001.out 2>&1

-- Finished on Thu Apr 19 11:11:41 2018 (335 seconds) with 1051.795 GB free disk space
----------------------------------------
-- Meryl finished successfully.
--
--  16-mers                                                                                           Fraction
--    Occurrences   NumMers                                                                         Unique Total
--       1-     1 369867528 *******************************************************************--> 0.6006 0.2104
--       2-     2 111976142 ********************************************************************** 0.7824 0.3377
--       3-     4  70335145 *******************************************                            0.8578 0.4170
--       5-     7  30256714 ******************                                                     0.9196 0.5116
--       8-    11  15252319 *********                                                              0.9541 0.5937
--      12-    16   8173593 *****                                                                  0.9742 0.6660
--      17-    22   3989367 **                                                                     0.9853 0.7230
--      23-    29   2042160 *                                                                      0.9909 0.7624
--      30-    37   1146308                                                                        0.9939 0.7902
--      38-    46    708146                                                                        0.9956 0.8106
--      47-    56    484727                                                                        0.9967 0.8268
--      57-    67    355532                                                                        0.9974 0.8406
--      68-    79    264003                                                                        0.9980 0.8528
--      80-    92    197610                                                                        0.9984 0.8636
--      93-   106    148888                                                                        0.9987 0.8731
--     107-   121    114703                                                                        0.9989 0.8813
--     122-   137     90164                                                                        0.9991 0.8887
--     138-   154     71953                                                                        0.9993 0.8952
--     155-   172     58112                                                                        0.9994 0.9011
--     173-   191     47609                                                                        0.9995 0.9065
--     192-   211     39581                                                                        0.9995 0.9113
--     212-   232     32685                                                                        0.9996 0.9158
--     233-   254     27057                                                                        0.9997 0.9199
--     255-   277     21569                                                                        0.9997 0.9237
--     278-   301     17136                                                                        0.9997 0.9269
--     302-   326     14233                                                                        0.9998 0.9297
--     327-   352     11999                                                                        0.9998 0.9322
--     353-   379     10604                                                                        0.9998 0.9345
--     380-   407      9332                                                                        0.9998 0.9367
--     408-   436      8288                                                                        0.9998 0.9388
--     437-   466      7421                                                                        0.9999 0.9408
--     467-   497      6593                                                                        0.9999 0.9427
--     498-   529      6018                                                                        0.9999 0.9445
--     530-   562      5396                                                                        0.9999 0.9462
--     563-   596      4715                                                                        0.9999 0.9479
--     597-   631      4390                                                                        0.9999 0.9494
--     632-   667      3857                                                                        0.9999 0.9510
--     668-   704      3246                                                                        0.9999 0.9524
--     705-   742      3194                                                                        0.9999 0.9537
--     743-   781      2789                                                                        0.9999 0.9550
--     782-   821      2575                                                                        0.9999 0.9562
--
--      928116 (max occurrences)
--  1388336894 (total mers, non-unique)
--   245993316 (distinct mers, non-unique)
--   369867528 (unique mers)
-- For mhap overlapping, set repeat k-mer threshold to 17582.
--
-- Found 1758204422 16-mers; 615860844 distinct and 369867528 unique.  Largest count 928116.
--
-- OVERLAPPER (mhap) (correction)
--
-- Set corMhapSensitivity=low based on read coverage of 70.
--
-- PARAMETERS: hashes=256, minMatches=3, threshold=0.8
--
-- Given 6 GB, can fit 18000 reads per block.
-- For 14 blocks, set stride to 2 blocks.
-- Logging partitioning to 'correction/1-overlapper/partitioning.log'.
-- Configured 13 mhap precompute jobs.
-- Configured 43 mhap overlap jobs.
--
-- Running jobs.  First attempt out of 2.
----------------------------------------
-- Starting 'cormhap' concurrent execution on Thu Apr 19 11:12:23 2018 with 1054.271 GB free disk space (13 processes; 2 concurrently)

    cd correction/1-overlapper
    ./precompute.sh 1 > ./precompute.000001.out 2>&1
    ./precompute.sh 2 > ./precompute.000002.out 2>&1
    ./precompute.sh 3 > ./precompute.000003.out 2>&1
    ./precompute.sh 4 > ./precompute.000004.out 2>&1
    ./precompute.sh 5 > ./precompute.000005.out 2>&1
    ./precompute.sh 6 > ./precompute.000006.out 2>&1
    ./precompute.sh 7 > ./precompute.000007.out 2>&1
    ./precompute.sh 8 > ./precompute.000008.out 2>&1
    ./precompute.sh 9 > ./precompute.000009.out 2>&1
    ./precompute.sh 10 > ./precompute.000010.out 2>&1
    ./precompute.sh 11 > ./precompute.000011.out 2>&1
    ./precompute.sh 12 > ./precompute.000012.out 2>&1
    ./precompute.sh 13 > ./precompute.000013.out 2>&1

-- Finished on Thu Apr 19 13:03:27 2018 (6664 seconds) with 1050.319 GB free disk space
----------------------------------------
-- All 13 mhap precompute jobs finished successfully.
--
-- Running jobs.  First attempt out of 2.
----------------------------------------
-- Starting 'cormhap' concurrent execution on Thu Apr 19 13:03:27 2018 with 1050.319 GB free disk space (43 processes; 2 concurrently)

    cd correction/1-overlapper
    ./mhap.sh 1 > ./mhap.000001.out 2>&1
    ./mhap.sh 2 > ./mhap.000002.out 2>&1
    ./mhap.sh 3 > ./mhap.000003.out 2>&1
    ./mhap.sh 4 > ./mhap.000004.out 2>&1
    ./mhap.sh 5 > ./mhap.000005.out 2>&1
    ./mhap.sh 6 > ./mhap.000006.out 2>&1
    ./mhap.sh 7 > ./mhap.000007.out 2>&1
    ./mhap.sh 8 > ./mhap.000008.out 2>&1
    ./mhap.sh 9 > ./mhap.000009.out 2>&1
    ./mhap.sh 10 > ./mhap.000010.out 2>&1
    ./mhap.sh 11 > ./mhap.000011.out 2>&1
    ./mhap.sh 12 > ./mhap.000012.out 2>&1
    ./mhap.sh 13 > ./mhap.000013.out 2>&1
    ./mhap.sh 14 > ./mhap.000014.out 2>&1
    ./mhap.sh 15 > ./mhap.000015.out 2>&1
    ./mhap.sh 16 > ./mhap.000016.out 2>&1
    ./mhap.sh 17 > ./mhap.000017.out 2>&1
    ./mhap.sh 18 > ./mhap.000018.out 2>&1
    ./mhap.sh 19 > ./mhap.000019.out 2>&1
    ./mhap.sh 20 > ./mhap.000020.out 2>&1
    ./mhap.sh 21 > ./mhap.000021.out 2>&1
    ./mhap.sh 22 > ./mhap.000022.out 2>&1
    ./mhap.sh 23 > ./mhap.000023.out 2>&1
    ./mhap.sh 24 > ./mhap.000024.out 2>&1
    ./mhap.sh 25 > ./mhap.000025.out 2>&1
    ./mhap.sh 26 > ./mhap.000026.out 2>&1
    ./mhap.sh 27 > ./mhap.000027.out 2>&1
    ./mhap.sh 28 > ./mhap.000028.out 2>&1
    ./mhap.sh 29 > ./mhap.000029.out 2>&1
    ./mhap.sh 30 > ./mhap.000030.out 2>&1
    ./mhap.sh 31 > ./mhap.000031.out 2>&1
    ./mhap.sh 32 > ./mhap.000032.out 2>&1
    ./mhap.sh 33 > ./mhap.000033.out 2>&1
    ./mhap.sh 34 > ./mhap.000034.out 2>&1
    ./mhap.sh 35 > ./mhap.000035.out 2>&1
    ./mhap.sh 36 > ./mhap.000036.out 2>&1
    ./mhap.sh 37 > ./mhap.000037.out 2>&1
    ./mhap.sh 38 > ./mhap.000038.out 2>&1
    ./mhap.sh 39 > ./mhap.000039.out 2>&1
    ./mhap.sh 40 > ./mhap.000040.out 2>&1
    ./mhap.sh 41 > ./mhap.000041.out 2>&1
    ./mhap.sh 42 > ./mhap.000042.out 2>&1
    ./mhap.sh 43 > ./mhap.000043.out 2>&1

-- Finished on Thu Apr 19 14:09:04 2018 (3937 seconds) with 1047.879 GB free disk space
----------------------------------------
-- Found 43 mhap overlap output files.
----------------------------------------
-- Starting command on Thu Apr 19 14:09:04 2018 with 1047.878 GB free disk space

    cd correction
    /sw/apps/bioinfo/canu/1.7/rackham/Linux-amd64/bin/ovStoreBuild \
     -O ./durian_pacbio.ovlStore.BUILDING \
     -G ./durian_pacbio.gkpStore \
     -M 2-8 \
     -L ./1-overlapper/ovljob.files \
     > ./durian_pacbio.ovlStore.err 2>&1

-- Finished on Thu Apr 19 14:13:46 2018 (282 seconds) with 1042.705 GB free disk space
----------------------------------------
-- Checking store.
----------------------------------------
-- Starting command on Thu Apr 19 14:13:46 2018 with 1042.705 GB free disk space

    cd correction
    /sw/apps/bioinfo/canu/1.7/rackham/Linux-amd64/bin/ovStoreDump \
     -G ./durian_pacbio.gkpStore \
     -O ./durian_pacbio.ovlStore \
     -d -counts \
     > ./durian_pacbio.ovlStore/counts.dat 2> ./durian_pacbio.ovlStore/counts.err

-- Finished on Thu Apr 19 14:13:46 2018 (lickety-split) with 1042.703 GB free disk space
----------------------------------------
--
-- Overlap store 'correction/durian_pacbio.ovlStore' successfully constructed.
-- Found 276605498 overlaps for 217897 reads; 15955 reads have no overlaps.
--
--
-- Purged 30.075 GB in 177 overlap output files.
-- Set corMinCoverage=4 based on read coverage of 70.
-- Global filter scores will be estimated.
-- Computing correction layouts.
----------------------------------------
-- Starting command on Thu Apr 19 14:13:50 2018 with 1049.095 GB free disk space

    cd correction
    /sw/apps/bioinfo/canu/1.7/rackham/Linux-amd64/bin/generateCorrectionLayouts \
      -G ./durian_pacbio.gkpStore \
      -O ./durian_pacbio.ovlStore \
      -C ./durian_pacbio.corStore.WORKING \
      -ec 4 \
      -eC 80 \
    > ./durian_pacbio.corStore.err 2>&1
    

-- Finished on Thu Apr 19 14:14:09 2018 (19 seconds) with 1048.865 GB free disk space
----------------------------------------
-- Computing correction layouts.
----------------------------------------
-- Starting command on Thu Apr 19 14:14:09 2018 with 1048.865 GB free disk space

    cd correction/2-correction
    /sw/apps/bioinfo/canu/1.7/rackham/Linux-amd64/bin/filterCorrectionLayouts \
      -G  ../durian_pacbio.gkpStore \
      -C  ../durian_pacbio.corStore \
      -R  ./durian_pacbio.readsToCorrect.WORKING \
      -cc 4 \
      -cl 1000 \
      -g  25000000 \
      -c  40 \
    > ./durian_pacbio.readsToCorrect.err 2>&1
    

-- Finished on Thu Apr 19 14:14:11 2018 (2 seconds) with 1048.848 GB free disk space
----------------------------------------
--                             original      original
--                            raw reads     raw reads
--   category                w/overlaps  w/o/overlaps
--   -------------------- ------------- -------------
--   Number of Reads             201912         31940
--   Number of Bases         1541805101     105934913
--   Coverage                    61.672         4.237
--   Median                        7075          1009
--   Mean                          7636          3316
--   N50                           9736          8699
--   Minimum                       1000             0
--   Maximum                      42756         35263
--   
--                                        --------corrected---------  ----------rescued----------
--                             evidence                     expected                     expected
--   category                     reads            raw     corrected            raw     corrected
--   -------------------- -------------  ------------- -------------  ------------- -------------
--   Number of Reads             209029         116205        116205            616           616
--   Number of Bases         1593805199     1106002798    1000000212        2779070       1134413
--   Coverage                    63.752         44.240        40.000          0.111         0.045
--   Median                        7043           8874          7975           2477          1726
--   Mean                          7624           9517          8605           4511          1841
--   N50                           9701          10422          9564           8160          1972
--   Minimum                       1000           3569          3568           1014          1001
--   Maximum                      42756          42756         36371          22148          3564
--   
--                        --------uncorrected--------
--                                           expected
--   category                       raw     corrected
--   -------------------- ------------- -------------
--   Number of Reads             117031        117031
--   Number of Bases          538958146      82668307
--   Coverage                    21.558         3.307
--   Median                        3394             0
--   Mean                          4605           706
--   N50                           7486          2565
--   Minimum                          0             0
--   Maximum                      39241          3568
--   
--   Maximum Memory           908917796
--
--                            (tag)Concurrency
--                     (tag)Threads          |
--            (tag)Memory         |          |
--        (tag)         |         |          |     total usage     algorithm
--        -------  ------  --------   --------  -----------------  -----------------------------
-- Local: cor        3 GB    4 CPUs x   5 jobs    15 GB   20 CPUs  (read correction)
--
-- Using overlaps no worse than 0.3 fraction error for correcting reads (from corErrorRate parameter).
--
-- Running jobs.  First attempt out of 2.
----------------------------------------
-- Starting 'cor' concurrent execution on Thu Apr 19 14:14:11 2018 with 1048.848 GB free disk space (47 processes; 5 concurrently)

    cd correction/2-correction
    ./correctReads.sh 1 > ./correctReads.000001.out 2>&1
    ./correctReads.sh 2 > ./correctReads.000002.out 2>&1
    ./correctReads.sh 3 > ./correctReads.000003.out 2>&1
    ./correctReads.sh 4 > ./correctReads.000004.out 2>&1
    ./correctReads.sh 5 > ./correctReads.000005.out 2>&1
    ./correctReads.sh 6 > ./correctReads.000006.out 2>&1
    ./correctReads.sh 7 > ./correctReads.000007.out 2>&1
    ./correctReads.sh 8 > ./correctReads.000008.out 2>&1
    ./correctReads.sh 9 > ./correctReads.000009.out 2>&1
    ./correctReads.sh 10 > ./correctReads.000010.out 2>&1
    ./correctReads.sh 11 > ./correctReads.000011.out 2>&1
    ./correctReads.sh 12 > ./correctReads.000012.out 2>&1
    ./correctReads.sh 13 > ./correctReads.000013.out 2>&1
    ./correctReads.sh 14 > ./correctReads.000014.out 2>&1
    ./correctReads.sh 15 > ./correctReads.000015.out 2>&1
    ./correctReads.sh 16 > ./correctReads.000016.out 2>&1
    ./correctReads.sh 17 > ./correctReads.000017.out 2>&1
    ./correctReads.sh 18 > ./correctReads.000018.out 2>&1
    ./correctReads.sh 19 > ./correctReads.000019.out 2>&1
    ./correctReads.sh 20 > ./correctReads.000020.out 2>&1
    ./correctReads.sh 21 > ./correctReads.000021.out 2>&1
    ./correctReads.sh 22 > ./correctReads.000022.out 2>&1
    ./correctReads.sh 23 > ./correctReads.000023.out 2>&1
    ./correctReads.sh 24 > ./correctReads.000024.out 2>&1
    ./correctReads.sh 25 > ./correctReads.000025.out 2>&1
    ./correctReads.sh 26 > ./correctReads.000026.out 2>&1
    ./correctReads.sh 27 > ./correctReads.000027.out 2>&1
    ./correctReads.sh 28 > ./correctReads.000028.out 2>&1
    ./correctReads.sh 29 > ./correctReads.000029.out 2>&1
    ./correctReads.sh 30 > ./correctReads.000030.out 2>&1
    ./correctReads.sh 31 > ./correctReads.000031.out 2>&1
    ./correctReads.sh 32 > ./correctReads.000032.out 2>&1
    ./correctReads.sh 33 > ./correctReads.000033.out 2>&1
    ./correctReads.sh 34 > ./correctReads.000034.out 2>&1
    ./correctReads.sh 35 > ./correctReads.000035.out 2>&1
    ./correctReads.sh 36 > ./correctReads.000036.out 2>&1
    ./correctReads.sh 37 > ./correctReads.000037.out 2>&1
    ./correctReads.sh 38 > ./correctReads.000038.out 2>&1
    ./correctReads.sh 39 > ./correctReads.000039.out 2>&1
    ./correctReads.sh 40 > ./correctReads.000040.out 2>&1
    ./correctReads.sh 41 > ./correctReads.000041.out 2>&1
    ./correctReads.sh 42 > ./correctReads.000042.out 2>&1
    ./correctReads.sh 43 > ./correctReads.000043.out 2>&1
    ./correctReads.sh 44 > ./correctReads.000044.out 2>&1
    ./correctReads.sh 45 > ./correctReads.000045.out 2>&1
    ./correctReads.sh 46 > ./correctReads.000046.out 2>&1
    ./correctReads.sh 47 > ./correctReads.000047.out 2>&1

-- Finished on Thu Apr 19 17:17:08 2018 (10977 seconds) with 1041.552 GB free disk space
----------------------------------------
-- Found 47 read correction output files.
-- Found 47 read correction output files.
--
-- Loading corrected reads into corStore and gkpStore.
----------------------------------------
-- Starting command on Thu Apr 19 17:17:08 2018 with 1041.552 GB free disk space

    cd correction
    /sw/apps/bioinfo/canu/1.7/rackham/Linux-amd64/bin/loadCorrectedReads \
      -G ./durian_pacbio.gkpStore \
      -C ./durian_pacbio.corStore \
      -L ./2-correction/corjob.files \
    > ./2-correction/corjob.files.load.err 2>&1
    

-- Finished on Thu Apr 19 17:18:00 2018 (52 seconds) with 1039.317 GB free disk space
----------------------------------------
--
-- In gatekeeper store './durian_pacbio.gkpStore':
--   Found 110076 reads.
--   Found 869625067 bases (34.78 times coverage).
--
--   Read length histogram (one '*' equals 186.95 reads):
--        0    999    783 ****
--     1000   1999   1680 ********
--     2000   2999   1730 *********
--     3000   3999   8674 **********************************************
--     4000   4999  13087 **********************************************************************
--     5000   5999  12392 ******************************************************************
--     6000   6999  12044 ****************************************************************
--     7000   7999  12018 ****************************************************************
--     8000   8999  11079 ***********************************************************
--     9000   9999   9809 ****************************************************
--    10000  10999   7469 ***************************************
--    11000  11999   5347 ****************************
--    12000  12999   3854 ********************
--    13000  13999   2816 ***************
--    14000  14999   2051 **********
--    15000  15999   1530 ********
--    16000  16999   1127 ******
--    17000  17999    796 ****
--    18000  18999    578 ***
--    19000  19999    394 **
--    20000  20999    279 *
--    21000  21999    174 
--    22000  22999    105 
--    23000  23999     82 
--    24000  24999     58 
--    25000  25999     43 
--    26000  26999     30 
--    27000  27999     17 
--    28000  28999     11 
--    29000  29999     11 
--    30000  30999      1 
--    31000  31999      3 
--    32000  32999      4 
--
-- Purging correctReads output after loading into stores.
-- Purged 47 .cns outputs.
-- Purged 94 .out job log outputs.
--
-- Purging overlaps used for correction.
----------------------------------------
-- Starting command on Thu Apr 19 17:18:06 2018 with 1047.261 GB free disk space

    cd .
    /sw/apps/bioinfo/canu/1.7/rackham/Linux-amd64/bin/gatekeeperDumpFASTQ \
      -corrected \
      -G ./durian_pacbio.gkpStore \
      -o ./durian_pacbio.correctedReads.gz \
      -fasta \
      -nolibname \
    > durian_pacbio.correctedReads.fasta.err 2>&1

-- Finished on Thu Apr 19 17:18:30 2018 (24 seconds) with 1046.998 GB free disk space
----------------------------------------
--
-- Corrected reads saved in 'durian_pacbio.correctedReads.fasta.gz'.
--
--
-- BEGIN TRIMMING
--
--
-- Running jobs.  First attempt out of 2.
----------------------------------------
-- Starting 'meryl' concurrent execution on Thu Apr 19 17:18:30 2018 with 1046.998 GB free disk space (1 processes; 1 concurrently)

    cd trimming/0-mercounts
    ./meryl.sh 1 > ./meryl.000001.out 2>&1

-- Finished on Thu Apr 19 17:19:43 2018 (73 seconds) with 1046.453 GB free disk space
----------------------------------------
-- Meryl finished successfully.
--
--  22-mers                                                                                           Fraction
--    Occurrences   NumMers                                                                         Unique Total
--       1-     1  57111824 *******************************************************************--> 0.5851 0.0658
--       2-     2   7936138 ********************************************************************** 0.6665 0.0841
--       3-     4   5571898 *************************************************                      0.7020 0.0962
--       5-     7   3960515 **********************************                                     0.7406 0.1155
--       8-    11   2917788 *************************                                              0.7729 0.1404
--      12-    16   2917272 *************************                                              0.8001 0.1723
--      17-    22   3755545 *********************************                                      0.8299 0.2225
--      23-    29   5036544 ********************************************                           0.8695 0.3144
--      30-    37   4674754 *****************************************                              0.9211 0.4709
--      38-    46   2252368 *******************                                                    0.9661 0.6438
--      47-    56    596382 *****                                                                  0.9860 0.7381
--      57-    67    201564 *                                                                      0.9913 0.7686
--      68-    79    112967                                                                        0.9932 0.7821
--      80-    92     79026                                                                        0.9944 0.7914
--      93-   106     57127                                                                        0.9951 0.7989
--     107-   121     51276                                                                        0.9957 0.8054
--     122-   137     40411                                                                        0.9962 0.8121
--     138-   154     33909                                                                        0.9966 0.8180
--     155-   172     28932                                                                        0.9970 0.8238
--     173-   191     28443                                                                        0.9973 0.8291
--     192-   211     27367                                                                        0.9976 0.8352
--     212-   232     22067                                                                        0.9978 0.8415
--     233-   254     17151                                                                        0.9981 0.8470
--     255-   277     16291                                                                        0.9982 0.8518
--     278-   301     14711                                                                        0.9984 0.8568
--     302-   326     14327                                                                        0.9986 0.8617
--     327-   352     12706                                                                        0.9987 0.8669
--     353-   379     11297                                                                        0.9988 0.8718
--     380-   407     10670                                                                        0.9989 0.8766
--     408-   436     10526                                                                        0.9991 0.8815
--     437-   466     10148                                                                        0.9992 0.8866
--     467-   497      8471                                                                        0.9993 0.8918
--     498-   529      7762                                                                        0.9994 0.8965
--     530-   562      9427                                                                        0.9994 0.9011
--     563-   596      8052                                                                        0.9995 0.9071
--     597-   631      4493                                                                        0.9996 0.9124
--     632-   667      1636                                                                        0.9997 0.9155
--     668-   704      1352                                                                        0.9997 0.9167
--     705-   742      1314                                                                        0.9997 0.9178
--     743-   781      1095                                                                        0.9997 0.9188
--     782-   821       944                                                                        0.9997 0.9198
--
--       88537 (max occurrences)
--   810201692 (total mers, non-unique)
--    40491805 (distinct mers, non-unique)
--    57111824 (unique mers)
----------------------------------------
-- Starting command on Thu Apr 19 17:19:43 2018 with 1046.453 GB free disk space

    cd trimming/0-mercounts
    /sw/apps/bioinfo/canu/1.7/rackham/Linux-amd64/bin/meryl \
      -Dt \
      -n 1701 \
      -s ./durian_pacbio.ms22 \
    > ./durian_pacbio.ms22.frequentMers.fasta \
    2> ./durian_pacbio.ms22.frequentMers.fasta.err

-- Finished on Thu Apr 19 17:19:48 2018 (5 seconds) with 1046.452 GB free disk space
----------------------------------------
-- Reset obtOvlMerThreshold from auto to 1701.
--
-- Found 867313516 22-mers; 97603629 distinct and 57111824 unique.  Largest count 88537.
--
-- OVERLAPPER (normal) (trimming) erate=0.045
--
----------------------------------------
-- Starting command on Thu Apr 19 17:19:49 2018 with 1046.997 GB free disk space

    cd trimming/1-overlapper
    /sw/apps/bioinfo/canu/1.7/rackham/Linux-amd64/bin/overlapInCorePartition \
     -G  ../durian_pacbio.gkpStore \
     -hl 85312000 \
     -rl 1000000000 \
     -ol 500 \
     -o  ./durian_pacbio.partition \
    > ./durian_pacbio.partition.err 2>&1

-- Finished on Thu Apr 19 17:19:49 2018 (lickety-split) with 1046.997 GB free disk space
----------------------------------------
--
-- Configured 11 overlapInCore jobs.
--
-- Running jobs.  First attempt out of 2.
----------------------------------------
-- Starting 'obtovl' concurrent execution on Thu Apr 19 17:19:49 2018 with 1046.997 GB free disk space (11 processes; 4 concurrently)

    cd trimming/1-overlapper
    ./overlap.sh 1 > ./overlap.000001.out 2>&1
    ./overlap.sh 2 > ./overlap.000002.out 2>&1
    ./overlap.sh 3 > ./overlap.000003.out 2>&1
    ./overlap.sh 4 > ./overlap.000004.out 2>&1
    ./overlap.sh 5 > ./overlap.000005.out 2>&1
    ./overlap.sh 6 > ./overlap.000006.out 2>&1
    ./overlap.sh 7 > ./overlap.000007.out 2>&1
    ./overlap.sh 8 > ./overlap.000008.out 2>&1
    ./overlap.sh 9 > ./overlap.000009.out 2>&1
    ./overlap.sh 10 > ./overlap.000010.out 2>&1
    ./overlap.sh 11 > ./overlap.000011.out 2>&1

-- Finished on Thu Apr 19 19:22:02 2018 (7333 seconds) with 1046.587 GB free disk space
----------------------------------------
-- Found 11 overlapInCore output files.
--
-- overlapInCore compute 'trimming/1-overlapper':
--   kmer hits
--     with no overlap        212531264    19321024 +- 12423920.702
--     with an overlap         22033534  8.54545455 +- 3992101.308
--
--   overlaps                  22033140  2.72727273 +- 3991995.646
--     contained                      0           0 +- 0
--     dovetail                       0           0 +- 0
--
--   overlaps rejected
--     multiple per pair              0           0 +- 0
--     bad short window               0           0 +- 0
--     bad long window                0           0 +- 0
----------------------------------------
-- Starting command on Thu Apr 19 19:22:02 2018 with 1046.587 GB free disk space

    cd trimming
    /sw/apps/bioinfo/canu/1.7/rackham/Linux-amd64/bin/ovStoreBuild \
     -O ./durian_pacbio.ovlStore.BUILDING \
     -G ./durian_pacbio.gkpStore \
     -M 2-8 \
     -L ./1-overlapper/ovljob.files \
     > ./durian_pacbio.ovlStore.err 2>&1

-- Finished on Thu Apr 19 19:22:47 2018 (45 seconds) with 1045.746 GB free disk space
----------------------------------------
-- Checking store.
----------------------------------------
-- Starting command on Thu Apr 19 19:22:47 2018 with 1045.746 GB free disk space

    cd trimming
    /sw/apps/bioinfo/canu/1.7/rackham/Linux-amd64/bin/ovStoreDump \
     -G ./durian_pacbio.gkpStore \
     -O ./durian_pacbio.ovlStore \
     -d -counts \
     > ./durian_pacbio.ovlStore/counts.dat 2> ./durian_pacbio.ovlStore/counts.err

-- Finished on Thu Apr 19 19:22:48 2018 (1 second) with 1045.744 GB free disk space
----------------------------------------
--
-- Overlap store 'trimming/durian_pacbio.ovlStore' successfully constructed.
-- Found 44067068 overlaps for 108674 reads; 125178 reads have no overlaps.
--
--
-- Purged 0.408 GB in 33 overlap output files.
----------------------------------------
-- Starting command on Thu Apr 19 19:22:48 2018 with 1046.156 GB free disk space

    cd trimming/3-overlapbasedtrimming
    /sw/apps/bioinfo/canu/1.7/rackham/Linux-amd64/bin/trimReads \
      -G  ../durian_pacbio.gkpStore \
      -O  ../durian_pacbio.ovlStore \
      -Co ./durian_pacbio.1.trimReads.clear \
      -e  0.045 \
      -minlength 1000 \
      -ol 1 \
      -oc 1 \
      -o  ./durian_pacbio.1.trimReads \
    >     ./durian_pacbio.1.trimReads.err 2>&1

-- Finished on Thu Apr 19 19:23:03 2018 (15 seconds) with 1046.142 GB free disk space
----------------------------------------
--  PARAMETERS:
--  ----------
--     1000    (reads trimmed below this many bases are deleted)
--   0.0450    (use overlaps at or below this fraction error)
--        1    (break region if overlap is less than this long, for 'largest covered' algorithm)
--        1    (break region if overlap coverage is less than this many read, for 'largest covered' algorithm)
--  
--  INPUT READS:
--  -----------
--  233852 reads    869625067 bases (reads processed)
--       0 reads            0 bases (reads not processed, previously deleted)
--       0 reads            0 bases (reads not processed, in a library where trimming isn't allowed)
--  
--  OUTPUT READS:
--  ------------
--   92696 reads    728579465 bases (trimmed reads output)
--   14666 reads    109746599 bases (reads with no change, kept as is)
--  125178 reads      2442387 bases (reads with no overlaps, deleted)
--    1312 reads      4413006 bases (reads with short trimmed length, deleted)
--  
--  TRIMMING DETAILS:
--  ----------------
--   67617 reads     13316694 bases (bases trimmed from the 5' end of a read)
--   72009 reads     11126916 bases (bases trimmed from the 3' end of a read)
----------------------------------------
-- Starting command on Thu Apr 19 19:23:03 2018 with 1046.142 GB free disk space

    cd trimming/3-overlapbasedtrimming
    /sw/apps/bioinfo/canu/1.7/rackham/Linux-amd64/bin/splitReads \
      -G  ../durian_pacbio.gkpStore \
      -O  ../durian_pacbio.ovlStore \
      -Ci ./durian_pacbio.1.trimReads.clear \
      -Co ./durian_pacbio.2.splitReads.clear \
      -e  0.045 \
      -minlength 1000 \
      -o  ./durian_pacbio.2.splitReads \
    >     ./durian_pacbio.2.splitReads.err 2>&1

-- Finished on Thu Apr 19 19:23:18 2018 (15 seconds) with 1046.141 GB free disk space
----------------------------------------
--  PARAMETERS:
--  ----------
--     1000    (reads trimmed below this many bases are deleted)
--   0.0450    (use overlaps at or below this fraction error)
--  INPUT READS:
--  -----------
--  107362 reads    862769674 bases (reads processed)
--  126490 reads      6855393 bases (reads not processed, previously deleted)
--       0 reads            0 bases (reads not processed, in a library where trimming isn't allowed)
--  
--  PROCESSED:
--  --------
--       0 reads            0 bases (no overlaps)
--      46 reads       189937 bases (no coverage after adjusting for trimming done already)
--       0 reads            0 bases (processed for chimera)
--       0 reads            0 bases (processed for spur)
--  107316 reads    862579737 bases (processed for subreads)
--  
--  READS WITH SIGNALS:
--  ------------------
--       0 reads            0 signals (number of 5' spur signal)
--       0 reads            0 signals (number of 3' spur signal)
--       0 reads            0 signals (number of chimera signal)
--      61 reads           61 signals (number of subread signal)
--  
--  SIGNALS:
--  -------
--       0 reads            0 bases (size of 5' spur signal)
--       0 reads            0 bases (size of 3' spur signal)
--       0 reads            0 bases (size of chimera signal)
--      61 reads        22606 bases (size of subread signal)
--  
--  TRIMMING:
--  --------
--      24 reads       115096 bases (trimmed from the 5' end of the read)
--      37 reads       210149 bases (trimmed from the 3' end of the read)
----------------------------------------
-- Starting command on Thu Apr 19 19:23:18 2018 with 1046.141 GB free disk space

    cd trimming/3-overlapbasedtrimming
    /sw/apps/bioinfo/canu/1.7/rackham/Linux-amd64/bin/loadTrimmedReads \
      -G ../durian_pacbio.gkpStore \
      -c ./durian_pacbio.2.splitReads.clear \
    > ./durian_pacbio.loadtrimmedReads.err 2>&1

-- Finished on Thu Apr 19 19:23:18 2018 (lickety-split) with 1046.141 GB free disk space
----------------------------------------
--
-- In gatekeeper store './durian_pacbio.gkpStore':
--   Found 107362 reads.
--   Found 838000819 bases (33.52 times coverage).
--
--   Read length histogram (one '*' equals 185.24 reads):
--        0    999      0 
--     1000   1999   2044 ***********
--     2000   2999   2135 ***********
--     3000   3999   9237 *************************************************
--     4000   4999  12967 **********************************************************************
--     5000   5999  12299 ******************************************************************
--     6000   6999  11829 ***************************************************************
--     7000   7999  11624 **************************************************************
--     8000   8999  10658 *********************************************************
--     9000   9999   9418 **************************************************
--    10000  10999   7037 *************************************
--    11000  11999   5042 ***************************
--    12000  12999   3648 *******************
--    13000  13999   2673 **************
--    14000  14999   1881 **********
--    15000  15999   1435 *******
--    16000  16999   1061 *****
--    17000  17999    727 ***
--    18000  18999    533 **
--    19000  19999    373 **
--    20000  20999    249 *
--    21000  21999    159 
--    22000  22999     92 
--    23000  23999     81 
--    24000  24999     54 
--    25000  25999     36 
--    26000  26999     32 
--    27000  27999     16 
--    28000  28999     10 
--    29000  29999      8 
--    30000  30999      0 
--    31000  31999      2 
--    32000  32999      2 
--
-- Overlaps used for trimming saved.
----------------------------------------
-- Starting command on Thu Apr 19 19:23:21 2018 with 1046.14 GB free disk space

    cd .
    /sw/apps/bioinfo/canu/1.7/rackham/Linux-amd64/bin/gatekeeperDumpFASTQ \
      -trimmed \
      -G ./durian_pacbio.gkpStore \
      -o ./durian_pacbio.trimmedReads.gz \
      -fasta \
      -nolibname \
    > ./durian_pacbio.trimmedReads.fasta.err 2>&1

-- Finished on Thu Apr 19 19:23:43 2018 (22 seconds) with 1045.887 GB free disk space
----------------------------------------
--
-- Trimmed reads saved in 'durian_pacbio.trimmedReads.fasta.gz'.
--
--
-- BEGIN ASSEMBLY
--
--
-- Running jobs.  First attempt out of 2.
----------------------------------------
-- Starting 'meryl' concurrent execution on Thu Apr 19 19:23:43 2018 with 1045.886 GB free disk space (1 processes; 1 concurrently)

    cd unitigging/0-mercounts
    ./meryl.sh 1 > ./meryl.000001.out 2>&1

-- Finished on Thu Apr 19 19:24:50 2018 (67 seconds) with 1045.415 GB free disk space
----------------------------------------
-- Meryl finished successfully.
--
--  22-mers                                                                                           Fraction
--    Occurrences   NumMers                                                                         Unique Total
--       1-     1  45096820 *******************************************************************--> 0.5365 0.0540
--       2-     2   7191663 ********************************************************************** 0.6221 0.0712
--       3-     4   5192810 **************************************************                     0.6604 0.0827
--       5-     7   3794312 ************************************                                   0.7028 0.1017
--       8-    11   2850794 ***************************                                            0.7389 0.1266
--      12-    16   2901066 ****************************                                           0.7699 0.1591
--      17-    22   3767184 ************************************                                   0.8044 0.2111
--      23-    29   5033790 ************************************************                       0.8506 0.3069
--      30-    37   4622216 ********************************************                           0.9104 0.4690
--      38-    46   2187322 *********************                                                  0.9620 0.6460
--      47-    56    572276 *****                                                                  0.9844 0.7407
--      57-    67    193684 *                                                                      0.9903 0.7711
--      68-    79    109262 *                                                                      0.9924 0.7845
--      80-    92     75790                                                                        0.9937 0.7938
--      93-   106     55274                                                                        0.9945 0.8014
--     107-   121     49639                                                                        0.9952 0.8079
--     122-   137     38815                                                                        0.9958 0.8146
--     138-   154     33055                                                                        0.9962 0.8205
--     155-   172     27594                                                                        0.9966 0.8263
--     173-   191     28020                                                                        0.9969 0.8316
--     192-   211     26633                                                                        0.9973 0.8378
--     212-   232     21448                                                                        0.9976 0.8441
--     233-   254     16706                                                                        0.9978 0.8498
--     255-   277     15775                                                                        0.9980 0.8546
--     278-   301     14358                                                                        0.9982 0.8596
--     302-   326     13877                                                                        0.9984 0.8646
--     327-   352     12652                                                                        0.9985 0.8698
--     353-   379     11104                                                                        0.9987 0.8749
--     380-   407     10526                                                                        0.9988 0.8798
--     408-   436     10292                                                                        0.9990 0.8847
--     437-   466      9916                                                                        0.9991 0.8899
--     467-   497      8043                                                                        0.9992 0.8952
--     498-   529      7718                                                                        0.9993 0.8999
--     530-   562      9233                                                                        0.9994 0.9047
--     563-   596      7498                                                                        0.9995 0.9107
--     597-   631      4103                                                                        0.9996 0.9158
--     632-   667      1434                                                                        0.9996 0.9187
--     668-   704      1405                                                                        0.9996 0.9198
--     705-   742      1152                                                                        0.9997 0.9210
--     743-   781       947                                                                        0.9997 0.9220
--     782-   821       868                                                                        0.9997 0.9228
--
--       52231 (max occurrences)
--   790649397 (total mers, non-unique)
--    38956066 (distinct mers, non-unique)
--    45096820 (unique mers)
----------------------------------------
-- Starting command on Thu Apr 19 19:24:50 2018 with 1045.414 GB free disk space

    cd unitigging/0-mercounts
    /sw/apps/bioinfo/canu/1.7/rackham/Linux-amd64/bin/meryl \
      -Dt \
      -n 1651 \
      -s ./durian_pacbio.ms22 \
    > ./durian_pacbio.ms22.frequentMers.fasta \
    2> ./durian_pacbio.ms22.frequentMers.fasta.err

-- Finished on Thu Apr 19 19:24:55 2018 (5 seconds) with 1045.414 GB free disk space
----------------------------------------
-- Reset utgOvlMerThreshold from auto to 1651.
--
-- Found 835746217 22-mers; 84052886 distinct and 45096820 unique.  Largest count 52231.
--
-- OVERLAPPER (normal) (assembly) erate=0.045
--
----------------------------------------
-- Starting command on Thu Apr 19 19:24:55 2018 with 1045.886 GB free disk space

    cd unitigging/1-overlapper
    /sw/apps/bioinfo/canu/1.7/rackham/Linux-amd64/bin/overlapInCorePartition \
     -G  ../durian_pacbio.gkpStore \
     -hl 85312000 \
     -rl 1000000000 \
     -ol 500 \
     -o  ./durian_pacbio.partition \
    > ./durian_pacbio.partition.err 2>&1

-- Finished on Thu Apr 19 19:24:55 2018 (lickety-split) with 1045.885 GB free disk space
----------------------------------------
--
-- Configured 10 overlapInCore jobs.
--
-- Running jobs.  First attempt out of 2.
----------------------------------------
-- Starting 'utgovl' concurrent execution on Thu Apr 19 19:24:55 2018 with 1045.885 GB free disk space (10 processes; 4 concurrently)

    cd unitigging/1-overlapper
    ./overlap.sh 1 > ./overlap.000001.out 2>&1
    ./overlap.sh 2 > ./overlap.000002.out 2>&1
    ./overlap.sh 3 > ./overlap.000003.out 2>&1
    ./overlap.sh 4 > ./overlap.000004.out 2>&1
    ./overlap.sh 5 > ./overlap.000005.out 2>&1
    ./overlap.sh 6 > ./overlap.000006.out 2>&1
    ./overlap.sh 7 > ./overlap.000007.out 2>&1
    ./overlap.sh 8 > ./overlap.000008.out 2>&1
    ./overlap.sh 9 > ./overlap.000009.out 2>&1
    ./overlap.sh 10 > ./overlap.000010.out 2>&1

-- Finished on Thu Apr 19 21:25:22 2018 (7227 seconds) with 1045.556 GB free disk space
----------------------------------------
-- Found 10 overlapInCore output files.
--
-- overlapInCore compute 'unitigging/1-overlapper':
--   kmer hits
--     with no overlap        193149782  19314978.2 +- 10734513.206
--     with an overlap         19551388   1955138.8 +- 3010827.346
--
--   overlaps                  19551388   1955138.8 +- 3010827.346
--     contained                8371129    837112.9 +- 1426997.788
--     dovetail                11180259   1118025.9 +- 1585192.541
--
--   overlaps rejected
--     multiple per pair              0           0 +- 0
--     bad short window               0           0 +- 0
--     bad long window                0           0 +- 0
----------------------------------------
-- Starting command on Thu Apr 19 21:25:22 2018 with 1045.556 GB free disk space

    cd unitigging
    /sw/apps/bioinfo/canu/1.7/rackham/Linux-amd64/bin/ovStoreBuild \
     -O ./durian_pacbio.ovlStore.BUILDING \
     -G ./durian_pacbio.gkpStore \
     -M 2-8 \
     -L ./1-overlapper/ovljob.files \
     > ./durian_pacbio.ovlStore.err 2>&1

-- Finished on Thu Apr 19 21:26:00 2018 (38 seconds) with 1044.808 GB free disk space
----------------------------------------
-- Checking store.
----------------------------------------
-- Starting command on Thu Apr 19 21:26:00 2018 with 1044.808 GB free disk space

    cd unitigging
    /sw/apps/bioinfo/canu/1.7/rackham/Linux-amd64/bin/ovStoreDump \
     -G ./durian_pacbio.gkpStore \
     -O ./durian_pacbio.ovlStore \
     -d -counts \
     > ./durian_pacbio.ovlStore/counts.dat 2> ./durian_pacbio.ovlStore/counts.err

-- Finished on Thu Apr 19 21:26:00 2018 (lickety-split) with 1044.806 GB free disk space
----------------------------------------
--
-- Overlap store 'unitigging/durian_pacbio.ovlStore' successfully constructed.
-- Found 39102776 overlaps for 107244 reads; 126608 reads have no overlaps.
--
--
-- Purged 0.328 GB in 30 overlap output files.
----------------------------------------
-- Starting command on Thu Apr 19 21:26:01 2018 with 1045.137 GB free disk space

    cd unitigging
    /sw/apps/bioinfo/canu/1.7/rackham/Linux-amd64/bin/ovStoreStats \
     -G ./durian_pacbio.gkpStore \
     -O ./durian_pacbio.ovlStore \
     -C 33 \
     -o ./durian_pacbio.ovlStore \
     > ./durian_pacbio.ovlStore.summary.err 2>&1

-- Finished on Thu Apr 19 21:26:10 2018 (9 seconds) with 1045.135 GB free disk space
----------------------------------------
--
-- Overlap store 'unitigging/durian_pacbio.ovlStore' contains:
--
--   category            reads     %          read length        feature size or coverage  analysis
--   ----------------  -------  -------  ----------------------  ------------------------  --------------------
--   middle-missing        166    0.15     3281.75 +- 2144.06        722.00 +- 873.92     (bad trimming)
--   middle-hump           388    0.36     6009.97 +- 2982.34         93.54 +- 306.62     (bad trimming)
--   no-5-prime            745    0.69     7235.46 +- 3886.40        154.33 +- 450.28     (bad trimming)
--   no-3-prime            693    0.65     7349.93 +- 3732.71        140.51 +- 393.51     (bad trimming)
--   
--   low-coverage         5765    5.37     4608.12 +- 2362.64          4.93 +- 2.43       (easy to assemble, potential for lower quality consensus)
--   unique              65383   60.90     7783.40 +- 3451.54         30.41 +- 8.17       (easy to assemble, perfect, yay)
--   repeat-cont         16165   15.06     8134.90 +- 3823.23       1478.17 +- 1341.37    (potential for consensus errors, no impact on assembly)
--   repeat-dove            31    0.03    22765.06 +- 4201.05        920.24 +- 1089.61    (hard to assemble, likely won't assemble correctly or even at all)
--   
--   span-repeat          6078    5.66     9162.69 +- 3891.89       2755.50 +- 2693.50    (read spans a large repeat, usually easy to assemble)
--   uniq-repeat-cont     9983    9.30     7953.48 +- 3579.25                             (should be uniquely placed, low potential for consensus errors, no impact on assembly)
--   uniq-repeat-dove     1812    1.69    11809.96 +- 4272.16                             (will end contigs, potential to misassemble)
--   uniq-anchor            35    0.03     8030.03 +- 3342.12       2665.14 +- 2227.84    (repeat read, with unique section, probable bad read)
--
-- Loading read lengths.
-- Loading number of overlaps per read.
--
-- Configure RED for 4gb memory.
--                   Batches of at most (unlimited) reads.
--                                      500000000 bases.
--                   Expecting evidence of at most 419108570 bases per iteration.
--
--           Total                                               Reads                 Olaps Evidence
--    Job   Memory      Read Range         Reads        Bases   Memory        Olaps   Memory   Memory  (Memory in MB)
--   ---- -------- ------------------- --------- ------------ -------- ------------ -------- --------
--      1  4096.08         1-25573         13695    108030145  1236.74      1044772    11.96   799.39
--      2  4096.05     25574-51074         13870    107901845  1235.28      1169625    13.39   799.39
--      3  4096.11     51075-77240         13553    107452254  1230.12      1626051    18.61   799.39
--      4  4096.02     77241-103268        13512    107378606  1229.28      1691228    19.35   799.39
--      5  4096.14    103269-149710        12516     92512938  1059.12     16570443   189.63   799.39
--      6  4096.05    149711-179370        12588     98798922  1131.06     10276707   117.61   799.39
--      7  4096.12    179371-205603        13033    103161620  1181.00      5918867    67.74   799.39
--      8  4096.12    205604-232783        14011    108295702  1239.79       781441     8.94   799.39
--      9  2898.82    232784-233852          584      4468787    51.16        23642     0.27   799.39
--   ---- -------- ------------------- --------- ------------ -------- ------------ -------- --------
--                                                  838000819              39102776
--
-- Running jobs.  First attempt out of 2.
----------------------------------------
-- Starting 'red' concurrent execution on Thu Apr 19 21:26:12 2018 with 1045.134 GB free disk space (9 processes; 5 concurrently)

    cd unitigging/3-overlapErrorAdjustment
    ./red.sh 1 > ./red.000001.out 2>&1
    ./red.sh 2 > ./red.000002.out 2>&1
    ./red.sh 3 > ./red.000003.out 2>&1
    ./red.sh 4 > ./red.000004.out 2>&1
    ./red.sh 5 > ./red.000005.out 2>&1
    ./red.sh 6 > ./red.000006.out 2>&1
    ./red.sh 7 > ./red.000007.out 2>&1
    ./red.sh 8 > ./red.000008.out 2>&1
    ./red.sh 9 > ./red.000009.out 2>&1

-- Finished on Thu Apr 19 21:49:04 2018 (1372 seconds) with 1045.121 GB free disk space
----------------------------------------
-- Found 9 read error detection output files.
--
-- Loading read lengths.
-- Loading number of overlaps per read.
--
-- Configure OEA for 4gb memory.
--                   Batches of at most (unlimited) reads.
--                                      300000000 bases.
--
--           Total                                               Reads                 Olaps  Adjusts
--    Job   Memory      Read Range         Reads        Bases   Memory        Olaps   Memory   Memory  (Memory in MB)
--   ---- -------- ------------------- --------- ------------ -------- ------------ -------- --------
--      1  2790.98         1-72034         38369    300002859   295.28      3079887    93.99   353.72
--      2  3567.31     72035-174597        38850    300003351   295.29     28518000   870.30   353.72
--      3  2866.64    174598-233852        30143    237994609   235.89      7504889   229.03   353.72
--   ---- -------- ------------------- --------- ------------ -------- ------------ -------- --------
--                                                  838000819              39102776
--
-- Running jobs.  First attempt out of 2.
----------------------------------------
-- Starting 'oea' concurrent execution on Thu Apr 19 21:49:06 2018 with 1045.121 GB free disk space (3 processes; 20 concurrently)

    cd unitigging/3-overlapErrorAdjustment
    ./oea.sh 1 > ./oea.000001.out 2>&1
    ./oea.sh 2 > ./oea.000002.out 2>&1
    ./oea.sh 3 > ./oea.000003.out 2>&1

-- Finished on Thu Apr 19 22:40:30 2018 (3084 seconds) with 1045.048 GB free disk space
----------------------------------------
-- Found 3 overlap error adjustment output files.
----------------------------------------
-- Starting command on Thu Apr 19 22:40:30 2018 with 1045.048 GB free disk space

    cd unitigging/3-overlapErrorAdjustment
    /sw/apps/bioinfo/canu/1.7/rackham/Linux-amd64/bin/ovStoreBuild \
      -G ../durian_pacbio.gkpStore \
      -O ../durian_pacbio.ovlStore \
      -evalues \
      -L ./oea.files \
    > ./oea.apply.err 2>&1

-- Finished on Thu Apr 19 22:40:33 2018 (3 seconds) with 1044.975 GB free disk space
----------------------------------------
-- No report available.
--
-- Running jobs.  First attempt out of 2.
----------------------------------------
-- Starting 'bat' concurrent execution on Thu Apr 19 22:40:33 2018 with 1044.975 GB free disk space (1 processes; 1 concurrently)

    cd unitigging/4-unitigger
    ./unitigger.sh 1 > ./unitigger.000001.out 2>&1

-- Finished on Thu Apr 19 22:41:05 2018 (32 seconds) with 1044.918 GB free disk space
----------------------------------------
-- Unitigger finished successfully.
-- Found, in version 1, after unitig construction:
--   contigs:      538 sequences, total length 27950481 bp (including 25 repeats of total length 413988 bp).
--   bubbles:      0 sequences, total length 0 bp.
--   unassembled:  22160 sequences, total length 140515022 bp.
--
-- Contig sizes based on genome size --
--            NG (bp)  LG (contigs)    sum (bp)
--         ----------  ------------  ----------
--     10     2790932             1     2790932
--     20     1501952             3     5990653
--     30     1053541             5     8252344
--     40      695816             8    10501719
--     50      454907            12    12787884
--     60      258930            19    15221549
--     70      193730            30    17622718
--     80       57101            54    20047478
--     90       23694           132    22515585
--    100       15611           265    25015336
--    110        9110           470    27500666
--
----------------------------------------
-- Starting command on Thu Apr 19 22:41:05 2018 with 1044.918 GB free disk space

    cd unitigging
    /sw/apps/bioinfo/canu/1.7/rackham/Linux-amd64/bin/gatekeeperPartition \
      -G ./durian_pacbio.gkpStore \
      -T ./durian_pacbio.ctgStore 1 \
      -b 15000 \
      -p 8 \
    > ./durian_pacbio.ctgStore/partitionedReads.log 2>&1

-- Finished on Thu Apr 19 22:41:28 2018 (23 seconds) with 1042.717 GB free disk space
----------------------------------------
----------------------------------------
-- Starting command on Thu Apr 19 22:41:28 2018 with 1042.717 GB free disk space

    cd unitigging
    /sw/apps/bioinfo/canu/1.7/rackham/Linux-amd64/bin/gatekeeperPartition \
      -G ./durian_pacbio.gkpStore \
      -T ./durian_pacbio.utgStore 1 \
      -b 15000 \
      -p 8 \
    > ./durian_pacbio.utgStore/partitionedReads.log 2>&1

-- Finished on Thu Apr 19 22:41:47 2018 (19 seconds) with 1040.981 GB free disk space
----------------------------------------
-- Using slow alignment for consensus (iteration '0').
-- Configured 5 contig and 4 unitig consensus jobs.
--
--                            (tag)Concurrency
--                     (tag)Threads          |
--            (tag)Memory         |          |
--        (tag)         |         |          |     total usage     algorithm
--        -------  ------  --------   --------  -----------------  -----------------------------
-- Local: cns        4 GB    4 CPUs x   5 jobs    20 GB   20 CPUs  (consensus)
--
--
-- Running jobs.  First attempt out of 2.
----------------------------------------
-- Starting 'cns' concurrent execution on Thu Apr 19 22:41:47 2018 with 1040.981 GB free disk space (9 processes; 5 concurrently)

    cd unitigging/5-consensus
    ./consensus.sh 1 > ./consensus.000001.out 2>&1
    ./consensus.sh 2 > ./consensus.000002.out 2>&1
    ./consensus.sh 3 > ./consensus.000003.out 2>&1
    ./consensus.sh 4 > ./consensus.000004.out 2>&1
    ./consensus.sh 5 > ./consensus.000005.out 2>&1
    ./consensus.sh 6 > ./consensus.000006.out 2>&1
    ./consensus.sh 7 > ./consensus.000007.out 2>&1
    ./consensus.sh 8 > ./consensus.000008.out 2>&1
    ./consensus.sh 9 > ./consensus.000009.out 2>&1

-- Finished on Thu Apr 19 22:50:49 2018 (542 seconds) with 1040.597 GB free disk space
----------------------------------------
-- Using slow alignment for consensus (iteration '1').
-- Configured 5 contig and 4 unitig consensus jobs.
-- All 9 consensus jobs finished successfully.
-- Using slow alignment for consensus (iteration '0').
-- Configured 5 contig and 4 unitig consensus jobs.
----------------------------------------
-- Starting command on Thu Apr 19 22:50:49 2018 with 1040.597 GB free disk space

    cd unitigging
    /sw/apps/bioinfo/canu/1.7/rackham/Linux-amd64/bin/tgStoreLoad \
      -G ./durian_pacbio.gkpStore \
      -T ./durian_pacbio.ctgStore 2 \
      -L ./5-consensus/ctgcns.files \
    > ./5-consensus/ctgcns.files.ctgStoreLoad.err 2>&1

-- Finished on Thu Apr 19 22:50:56 2018 (7 seconds) with 1040.277 GB free disk space
----------------------------------------
----------------------------------------
-- Starting command on Thu Apr 19 22:50:56 2018 with 1040.277 GB free disk space

    cd unitigging
    /sw/apps/bioinfo/canu/1.7/rackham/Linux-amd64/bin/tgStoreLoad \
      -G ./durian_pacbio.gkpStore \
      -T ./durian_pacbio.utgStore 2 \
      -L ./5-consensus/utgcns.files \
    > ./5-consensus/utgcns.files.utgStoreLoad.err 2>&1

-- Finished on Thu Apr 19 22:50:58 2018 (2 seconds) with 1040.214 GB free disk space
----------------------------------------
-- Purging consensus output after loading to ctgStore and/or utgStore.
-- Purged 9 .cns outputs.
----------------------------------------
-- Starting command on Thu Apr 19 22:50:59 2018 with 1044.533 GB free disk space

    cd unitigging
    /sw/apps/bioinfo/canu/1.7/rackham/Linux-amd64/bin/tgStoreDump \
      -G ./durian_pacbio.gkpStore \
      -T ./durian_pacbio.ctgStore 2 \
      -sizes -s 25000000 \
    > ./durian_pacbio.ctgStore/seqDB.v002.sizes.txt

-- Finished on Thu Apr 19 22:51:00 2018 (1 second) with 1044.533 GB free disk space
----------------------------------------
-- Found, in version 2, after consensus generation:
--   contigs:      538 sequences, total length 27925069 bp (including 25 repeats of total length 415192 bp).
--   bubbles:      0 sequences, total length 0 bp.
--   unassembled:  22160 sequences, total length 140513676 bp.
--
-- Contig sizes based on genome size --
--            NG (bp)  LG (contigs)    sum (bp)
--         ----------  ------------  ----------
--     10     2787429             1     2787429
--     20     1500194             3     5983509
--     30     1052705             5     8243138
--     40      694699             8    10489511
--     50      454330            12    12775701
--     60      258746            19    15207579
--     70      193546            30    17606723
--     80       57011            54    20028377
--     90       23328           133    22518698
--    100       15425           266    25008333
--    110        8991           473    27502360
--
----------------------------------------
-- Starting command on Thu Apr 19 22:51:00 2018 with 1044.533 GB free disk space

    cd unitigging
    /sw/apps/bioinfo/canu/1.7/rackham/Linux-amd64/bin/tgStoreCoverageStat \
      -G ./durian_pacbio.gkpStore \
      -T ./durian_pacbio.ctgStore 2 \
      -s 25000000 \
      -o ./durian_pacbio.ctgStore.coverageStat \
    > ./durian_pacbio.ctgStore.coverageStat.err 2>&1

-- Finished on Thu Apr 19 22:51:01 2018 (1 second) with 1044.532 GB free disk space
----------------------------------------
----------------------------------------
-- Starting command on Thu Apr 19 22:51:01 2018 with 1044.532 GB free disk space

    cd unitigging/4-unitigger
    ./alignGFA.sh \
    > alignGFA.err 2>&1

-- Finished on Thu Apr 19 22:51:27 2018 (26 seconds) with 1044.531 GB free disk space
----------------------------------------
----------------------------------------
-- Starting command on Thu Apr 19 22:51:27 2018 with 1044.531 GB free disk space

    cd .
    /sw/apps/bioinfo/canu/1.7/rackham/Linux-amd64/bin/tgStoreDump \
      -G ./unitigging/durian_pacbio.gkpStore \
      -T ./unitigging/durian_pacbio.ctgStore 2 \
      -o ./durian_pacbio.contigs \
      -layout \
    > ./durian_pacbio.contigs.layout.err 2>&1

-- Finished on Thu Apr 19 22:51:31 2018 (4 seconds) with 1044.201 GB free disk space
----------------------------------------
----------------------------------------
-- Starting command on Thu Apr 19 22:51:31 2018 with 1044.201 GB free disk space

    cd .
    /sw/apps/bioinfo/canu/1.7/rackham/Linux-amd64/bin/tgStoreDump \
      -G ./unitigging/durian_pacbio.gkpStore \
      -T ./unitigging/durian_pacbio.utgStore 2 \
      -o ./durian_pacbio.unitigs \
      -layout \
    > ./durian_pacbio.unitigs.layout.err 2>&1

-- Finished on Thu Apr 19 22:51:32 2018 (1 second) with 1044.132 GB free disk space
----------------------------------------
----------------------------------------
-- Starting command on Thu Apr 19 22:51:32 2018 with 1044.132 GB free disk space

    cd .
    /sw/apps/bioinfo/canu/1.7/rackham/Linux-amd64/bin/tgStoreDump \
      -G ./unitigging/durian_pacbio.gkpStore \
      -T ./unitigging/durian_pacbio.ctgStore 2 \
      -consensus -fasta \
      -unassembled \
    > ./durian_pacbio.unassembled.fasta
    2> ./durian_pacbio.unassembled.err

-- Finished on Thu Apr 19 22:51:35 2018 (3 seconds) with 1043.998 GB free disk space
----------------------------------------
----------------------------------------
-- Starting command on Thu Apr 19 22:51:35 2018 with 1043.998 GB free disk space

    cd .
    /sw/apps/bioinfo/canu/1.7/rackham/Linux-amd64/bin/tgStoreDump \
      -G ./unitigging/durian_pacbio.gkpStore \
      -T ./unitigging/durian_pacbio.ctgStore 2 \
      -consensus -fasta \
      -contigs \
    > ./durian_pacbio.contigs.fasta
    2> ./durian_pacbio.contigs.err

-- Finished on Thu Apr 19 22:51:36 2018 (1 second) with 1043.972 GB free disk space
----------------------------------------
----------------------------------------
-- Starting command on Thu Apr 19 22:51:36 2018 with 1043.972 GB free disk space

    cd .
    /sw/apps/bioinfo/canu/1.7/rackham/Linux-amd64/bin/tgStoreDump \
      -G ./unitigging/durian_pacbio.gkpStore \
      -T ./unitigging/durian_pacbio.utgStore 2 \
      -consensus -fasta \
      -contigs \
    > ./durian_pacbio.unitigs.fasta
    2> ./durian_pacbio.unitigs.err

-- Finished on Thu Apr 19 22:51:37 2018 (1 second) with 1043.942 GB free disk space
----------------------------------------
--
-- Assembly 'durian_pacbio' finished in '/pica/h1/wigu2376/Durian/analyses/assembly/genome_assembly'.
--
-- Summary saved in 'durian_pacbio.report'.
--
-- Sequences saved:
--   Contigs       -> 'durian_pacbio.contigs.fasta'
--   Unassembled   -> 'durian_pacbio.unassembled.fasta'
--   Unitigs       -> 'durian_pacbio.unitigs.fasta'
--
-- Read layouts saved:
--   Contigs       -> 'durian_pacbio.contigs.layout'.
--   Unitigs       -> 'durian_pacbio.unitigs.layout'.
--
-- Graphs saved:
--   Contigs       -> 'durian_pacbio.contigs.gfa'.
--   Unitigs       -> 'durian_pacbio.unitigs.gfa'.
--
-- Bye.
