
[2018-05-09 14:08:42] Beginning TopHat run (v2.1.1)
-----------------------------------------------
[2018-05-09 14:08:42] Checking for Bowtie
		  Bowtie version:	 2.3.2.0
[2018-05-09 14:08:42] Checking for Bowtie index files (genome)..
[2018-05-09 14:08:42] Checking for reference FASTA file
[2018-05-09 14:08:42] Generating SAM header for /home/wigu2376/Durian/data/genome/reference
[2018-05-09 14:08:44] Preparing reads
	 left reads: min. length=50, max. length=101, 3029498 kept reads (47 discarded)
	right reads: min. length=50, max. length=101, 3029518 kept reads (27 discarded)
[2018-05-09 14:10:50] Mapping left_kept_reads to genome reference with Bowtie2 
[2018-05-09 14:18:21] Mapping left_kept_reads_seg1 to genome reference with Bowtie2 (1/4)
[2018-05-09 14:18:36] Mapping left_kept_reads_seg2 to genome reference with Bowtie2 (2/4)
[2018-05-09 14:18:54] Mapping left_kept_reads_seg3 to genome reference with Bowtie2 (3/4)
[2018-05-09 14:19:13] Mapping left_kept_reads_seg4 to genome reference with Bowtie2 (4/4)
[2018-05-09 14:19:37] Mapping right_kept_reads to genome reference with Bowtie2 
[2018-05-09 14:27:11] Mapping right_kept_reads_seg1 to genome reference with Bowtie2 (1/4)
[2018-05-09 14:27:27] Mapping right_kept_reads_seg2 to genome reference with Bowtie2 (2/4)
[2018-05-09 14:27:44] Mapping right_kept_reads_seg3 to genome reference with Bowtie2 (3/4)
[2018-05-09 14:28:04] Mapping right_kept_reads_seg4 to genome reference with Bowtie2 (4/4)
[2018-05-09 14:28:29] Searching for junctions via segment mapping
[2018-05-09 14:30:18] Retrieving sequences for splices
[2018-05-09 14:30:19] Indexing splices
[2018-05-09 14:30:20] Mapping left_kept_reads_seg1 to genome segment_juncs with Bowtie2 (1/4)
[2018-05-09 14:30:28] Mapping left_kept_reads_seg2 to genome segment_juncs with Bowtie2 (2/4)
[2018-05-09 14:30:36] Mapping left_kept_reads_seg3 to genome segment_juncs with Bowtie2 (3/4)
[2018-05-09 14:30:45] Mapping left_kept_reads_seg4 to genome segment_juncs with Bowtie2 (4/4)
[2018-05-09 14:30:57] Joining segment hits
[2018-05-09 14:31:25] Mapping right_kept_reads_seg1 to genome segment_juncs with Bowtie2 (1/4)
[2018-05-09 14:31:33] Mapping right_kept_reads_seg2 to genome segment_juncs with Bowtie2 (2/4)
[2018-05-09 14:31:42] Mapping right_kept_reads_seg3 to genome segment_juncs with Bowtie2 (3/4)
[2018-05-09 14:31:50] Mapping right_kept_reads_seg4 to genome segment_juncs with Bowtie2 (4/4)
[2018-05-09 14:32:04] Joining segment hits
[2018-05-09 14:32:32] Reporting output tracks
-----------------------------------------------
[2018-05-09 14:38:54] A summary of the alignment counts can be found in /home/wigu2376/Durian/analyses/annotation/mapping/individual_samples/SRR6040092/align_summary.txt
[2018-05-09 14:38:54] Run complete: 00:30:12 elapsed
