
[2018-05-09 14:38:54] Beginning TopHat run (v2.1.1)
-----------------------------------------------
[2018-05-09 14:38:54] Checking for Bowtie
		  Bowtie version:	 2.3.2.0
[2018-05-09 14:38:54] Checking for Bowtie index files (genome)..
[2018-05-09 14:38:54] Checking for reference FASTA file
[2018-05-09 14:38:54] Generating SAM header for /home/wigu2376/Durian/data/genome/reference
[2018-05-09 14:38:54] Preparing reads
	 left reads: min. length=50, max. length=101, 2012198 kept reads (26 discarded)
	right reads: min. length=50, max. length=101, 2012196 kept reads (28 discarded)
[2018-05-09 14:40:17] Mapping left_kept_reads to genome reference with Bowtie2 
[2018-05-09 14:46:30] Mapping left_kept_reads_seg1 to genome reference with Bowtie2 (1/4)
[2018-05-09 14:46:42] Mapping left_kept_reads_seg2 to genome reference with Bowtie2 (2/4)
[2018-05-09 14:46:55] Mapping left_kept_reads_seg3 to genome reference with Bowtie2 (3/4)
[2018-05-09 14:47:09] Mapping left_kept_reads_seg4 to genome reference with Bowtie2 (4/4)
[2018-05-09 14:47:26] Mapping right_kept_reads to genome reference with Bowtie2 
[2018-05-09 14:53:30] Mapping right_kept_reads_seg1 to genome reference with Bowtie2 (1/4)
[2018-05-09 14:53:41] Mapping right_kept_reads_seg2 to genome reference with Bowtie2 (2/4)
[2018-05-09 14:53:54] Mapping right_kept_reads_seg3 to genome reference with Bowtie2 (3/4)
[2018-05-09 14:54:07] Mapping right_kept_reads_seg4 to genome reference with Bowtie2 (4/4)
[2018-05-09 14:54:23] Searching for junctions via segment mapping
[2018-05-09 14:56:04] Retrieving sequences for splices
[2018-05-09 14:56:05] Indexing splices
[2018-05-09 14:56:06] Mapping left_kept_reads_seg1 to genome segment_juncs with Bowtie2 (1/4)
[2018-05-09 14:56:15] Mapping left_kept_reads_seg2 to genome segment_juncs with Bowtie2 (2/4)
[2018-05-09 14:56:24] Mapping left_kept_reads_seg3 to genome segment_juncs with Bowtie2 (3/4)
[2018-05-09 14:56:34] Mapping left_kept_reads_seg4 to genome segment_juncs with Bowtie2 (4/4)
[2018-05-09 14:56:47] Joining segment hits
[2018-05-09 14:57:17] Mapping right_kept_reads_seg1 to genome segment_juncs with Bowtie2 (1/4)
[2018-05-09 14:57:26] Mapping right_kept_reads_seg2 to genome segment_juncs with Bowtie2 (2/4)
[2018-05-09 14:57:35] Mapping right_kept_reads_seg3 to genome segment_juncs with Bowtie2 (3/4)
[2018-05-09 14:57:45] Mapping right_kept_reads_seg4 to genome segment_juncs with Bowtie2 (4/4)
[2018-05-09 14:57:55] Joining segment hits
[2018-05-09 14:58:22] Reporting output tracks
-----------------------------------------------
[2018-05-09 15:03:10] A summary of the alignment counts can be found in /home/wigu2376/Durian/analyses/annotation/mapping/individual_samples/SRR6040093/align_summary.txt
[2018-05-09 15:03:10] Run complete: 00:24:15 elapsed
