
[2018-05-09 15:03:10] Beginning TopHat run (v2.1.1)
-----------------------------------------------
[2018-05-09 15:03:10] Checking for Bowtie
		  Bowtie version:	 2.3.2.0
[2018-05-09 15:03:10] Checking for Bowtie index files (genome)..
[2018-05-09 15:03:10] Checking for reference FASTA file
[2018-05-09 15:03:10] Generating SAM header for /home/wigu2376/Durian/data/genome/reference
[2018-05-09 15:03:10] Preparing reads
	 left reads: min. length=50, max. length=101, 14625052 kept reads (83 discarded)
	right reads: min. length=50, max. length=101, 14625064 kept reads (71 discarded)
[2018-05-09 15:12:31] Mapping left_kept_reads to genome reference with Bowtie2 
[2018-05-09 15:42:13] Mapping left_kept_reads_seg1 to genome reference with Bowtie2 (1/4)
[2018-05-09 15:43:03] Mapping left_kept_reads_seg2 to genome reference with Bowtie2 (2/4)
[2018-05-09 15:43:50] Mapping left_kept_reads_seg3 to genome reference with Bowtie2 (3/4)
[2018-05-09 15:44:37] Mapping left_kept_reads_seg4 to genome reference with Bowtie2 (4/4)
[2018-05-09 15:45:41] Mapping right_kept_reads to genome reference with Bowtie2 
[2018-05-09 16:14:55] Mapping right_kept_reads_seg1 to genome reference with Bowtie2 (1/4)
[2018-05-09 16:15:39] Mapping right_kept_reads_seg2 to genome reference with Bowtie2 (2/4)
[2018-05-09 16:16:27] Mapping right_kept_reads_seg3 to genome reference with Bowtie2 (3/4)
[2018-05-09 16:17:06] Mapping right_kept_reads_seg4 to genome reference with Bowtie2 (4/4)
[2018-05-09 16:18:08] Searching for junctions via segment mapping
[2018-05-09 16:27:12] Retrieving sequences for splices
[2018-05-09 16:27:13] Indexing splices
[2018-05-09 16:27:14] Mapping left_kept_reads_seg1 to genome segment_juncs with Bowtie2 (1/4)
[2018-05-09 16:30:04] Mapping left_kept_reads_seg2 to genome segment_juncs with Bowtie2 (2/4)
[2018-05-09 16:32:09] Mapping left_kept_reads_seg3 to genome segment_juncs with Bowtie2 (3/4)
[2018-05-09 16:34:04] Mapping left_kept_reads_seg4 to genome segment_juncs with Bowtie2 (4/4)
[2018-05-09 16:36:39] Joining segment hits
[2018-05-09 16:41:10] Mapping right_kept_reads_seg1 to genome segment_juncs with Bowtie2 (1/4)
[2018-05-09 16:44:36] Mapping right_kept_reads_seg2 to genome segment_juncs with Bowtie2 (2/4)
[2018-05-09 16:46:58] Mapping right_kept_reads_seg3 to genome segment_juncs with Bowtie2 (3/4)
[2018-05-09 16:48:45] Mapping right_kept_reads_seg4 to genome segment_juncs with Bowtie2 (4/4)
[2018-05-09 16:51:41] Joining segment hits
[2018-05-09 16:56:34] Reporting output tracks
-----------------------------------------------
[2018-05-09 17:46:02] A summary of the alignment counts can be found in /home/wigu2376/Durian/analyses/annotation/mapping/individual_samples/SRR6040094/align_summary.txt
[2018-05-09 17:46:02] Run complete: 02:42:52 elapsed
