
[2018-05-09 18:32:06] Beginning TopHat run (v2.1.1)
-----------------------------------------------
[2018-05-09 18:32:06] Checking for Bowtie
		  Bowtie version:	 2.3.2.0
[2018-05-09 18:32:06] Checking for Bowtie index files (genome)..
[2018-05-09 18:32:06] Checking for reference FASTA file
[2018-05-09 18:32:06] Generating SAM header for /home/wigu2376/Durian/data/genome/reference
[2018-05-09 18:32:06] Preparing reads
	 left reads: min. length=50, max. length=101, 758150 kept reads (42 discarded)
	right reads: min. length=50, max. length=101, 758183 kept reads (9 discarded)
[2018-05-09 18:32:42] Mapping left_kept_reads to genome reference with Bowtie2 
[2018-05-09 18:35:13] Mapping left_kept_reads_seg1 to genome reference with Bowtie2 (1/4)
[2018-05-09 18:35:24] Mapping left_kept_reads_seg2 to genome reference with Bowtie2 (2/4)
[2018-05-09 18:35:36] Mapping left_kept_reads_seg3 to genome reference with Bowtie2 (3/4)
[2018-05-09 18:35:48] Mapping left_kept_reads_seg4 to genome reference with Bowtie2 (4/4)
[2018-05-09 18:36:04] Mapping right_kept_reads to genome reference with Bowtie2 
[2018-05-09 18:38:21] Mapping right_kept_reads_seg1 to genome reference with Bowtie2 (1/4)
[2018-05-09 18:38:31] Mapping right_kept_reads_seg2 to genome reference with Bowtie2 (2/4)
[2018-05-09 18:38:41] Mapping right_kept_reads_seg3 to genome reference with Bowtie2 (3/4)
[2018-05-09 18:38:52] Mapping right_kept_reads_seg4 to genome reference with Bowtie2 (4/4)
[2018-05-09 18:39:07] Searching for junctions via segment mapping
[2018-05-09 18:39:44] Retrieving sequences for splices
[2018-05-09 18:39:45] Indexing splices
[2018-05-09 18:39:46] Mapping left_kept_reads_seg1 to genome segment_juncs with Bowtie2 (1/4)
[2018-05-09 18:39:51] Mapping left_kept_reads_seg2 to genome segment_juncs with Bowtie2 (2/4)
[2018-05-09 18:39:57] Mapping left_kept_reads_seg3 to genome segment_juncs with Bowtie2 (3/4)
[2018-05-09 18:40:03] Mapping left_kept_reads_seg4 to genome segment_juncs with Bowtie2 (4/4)
[2018-05-09 18:40:11] Joining segment hits
[2018-05-09 18:40:28] Mapping right_kept_reads_seg1 to genome segment_juncs with Bowtie2 (1/4)
[2018-05-09 18:40:34] Mapping right_kept_reads_seg2 to genome segment_juncs with Bowtie2 (2/4)
[2018-05-09 18:40:40] Mapping right_kept_reads_seg3 to genome segment_juncs with Bowtie2 (3/4)
[2018-05-09 18:40:46] Mapping right_kept_reads_seg4 to genome segment_juncs with Bowtie2 (4/4)
[2018-05-09 18:40:54] Joining segment hits
[2018-05-09 18:41:11] Reporting output tracks
-----------------------------------------------
[2018-05-09 18:42:57] A summary of the alignment counts can be found in /home/wigu2376/Durian/analyses/annotation/mapping/individual_samples/SRR6040097/align_summary.txt
[2018-05-09 18:42:57] Run complete: 00:10:51 elapsed
